2025-01-11 13:09:35,084 - test@molycube.fr - Username: test@molycube.fr, Status: Safe
2025-01-11 17:03:57,870 -  - Username: , Status: Compromised
2025-01-11 17:06:23,731 -  - Username: , Status: Compromised
2025-01-11 17:07:04,177 -  - Username: , Status: Compromised
2025-01-11 20:13:03,054 - rjacques@guardiaschool.fr - Username: rjacques@guardiaschool.fr, Status: Compromised
2025-01-11 20:37:11,852 - rjacques@guardiaschool.fr - Username: rjacques@guardiaschool.fr, Status: Compromised
2025-01-11 20:38:26,369 - rjacques@guardiaschool.fr - Username: rjacques@guardiaschool.fr, Status: Compromised
2025-01-11 20:39:56,836 - rjacques@guardiaschool.fr - Username: rjacques@guardiaschool.fr, Status: Compromised
2025-01-11 20:42:33,369 - rjacques@guardiaschool.fr - Username: rjacques@guardiaschool.fr, Status: Compromised
2025-01-11 20:44:02,729 - rjacques@guardiaschool.fr - Username: rjacques@guardiaschool.fr, Status: Compromised
2025-01-11 20:45:18,254 - rjacques@guardiaschool.fr - Username: rjacques@guardiaschool.fr, Status: Compromised
2025-01-11 20:45:40,579 - rjacques@guardiaschool.fr - Username: rjacques@guardiaschool.fr, Status: Compromised
2025-01-11 20:46:18,990 - rjacques@guardiaschool.fr - Username: rjacques@guardiaschool.fr, Status: Compromised
2025-01-11 20:47:05,292 -  - Username: , Status: Compromised
2025-01-11 21:31:57,710 -  - Username: , Status: Compromised
2025-01-11 21:32:25,139 -  - Username: , Status: Compromised
2025-01-11 21:32:51,550 -  - Username: , Status: Compromised
2025-01-11 21:33:29,187 -  - Username: , Status: Compromised
2025-01-11 21:34:56,049 - rjacques@guardiaschool.fr - Username: rjacques@guardiaschool.fr, Status: Compromised
2025-01-11 21:36:10,416 -  - Username: , Status: Compromised
2025-01-11 21:37:04,513 -  - Username: , Status: Compromised
2025-01-11 21:37:12,139 -  - Username: , Status: Compromised
2025-01-11 21:37:37,915 - rjacques@guardiaschool.fr - Username: rjacques@guardiaschool.fr, Status: Compromised
2025-01-11 21:38:08,322 -  - Username: , Status: Compromised
2025-01-11 21:40:02,349 - rjacques@guardiaschool.fr - Username: rjacques@guardiaschool.fr, Status: Compromised
2025-01-11 21:40:34,810 -  - Username: , Status: Compromised
2025-01-11 21:42:04,853 - rjacques@guardiaschool.fr - Username: rjacques@guardiaschool.fr, Status: Compromised
2025-01-11 21:42:39,938 - rjacques@guardiaschool.fr - Username: rjacques@guardiaschool.fr, Status: Safe
2025-01-11 21:43:24,354 - rjacques@guardiaschool.fr - Username: rjacques@guardiaschool.fr, Status: Safe
2025-01-11 21:54:31,282 - test@molycube.fr - Username: test@molycube.fr, Status: Safe
2025-01-11 21:56:02,335 - rjacques@guardiaschool.fr - Username: rjacques@guardiaschool.fr, Status: Compromised
2025-01-11 21:57:31,473 - tzefezfzfz - Username: tzefezfzfz, Status: Safe
2025-01-11 22:42:19,485 - rjacques@guardiaschool.fr - Username: rjacques@guardiaschool.fr, Status: Safe
2025-01-11 22:53:47,502 - rjacques@guardiaschool.fr - Username: rjacques@guardiaschool.fr, Status: Compromised
2025-01-11 22:58:02,208 - rjacques@guardiaschool.fr - Username: rjacques@guardiaschool.fr, Status: Safe
